{"level":"error","message":"Mon Aug 29 2022 11:03:31 GMT+0530 (India Standard Time)-{}","private":true}
{"level":"error","message":"Mon Aug 29 2022 22:28:05 GMT+0530 (India Standard Time)-{}","private":true}
{"level":"error","message":"Mon Aug 29 2022 22:28:27 GMT+0530 (India Standard Time)-{}","private":true}
{"level":"error","message":"Mon Aug 29 2022 22:30:24 GMT+0530 (India Standard Time)-{}","private":true}
{"level":"error","message":"Mon Aug 29 2022 23:28:18 GMT+0530 (India Standard Time)-{}","private":true}
{"level":"error","message":"Mon Aug 29 2022 23:29:32 GMT+0530 (India Standard Time)-{}","private":true}
{"level":"error","message":"Tue Aug 30 2022 01:51:37 GMT+0530 (India Standard Time)-{\"errno\":-4058,\"code\":\"ENOENT\",\"syscall\":\"open\",\"path\":\"D:\\\\CODING\\\\nest\\\\app\\\\mtmxconverter\\\\src\\\\api\\\\middlewares\\\\mtfiles\\\\k.txt\",\"storageErrors\":[]}","private":true}
{"level":"error","message":"Tue Aug 30 2022 01:52:49 GMT+0530 (India Standard Time)-{\"errno\":-4058,\"syscall\":\"open\",\"code\":\"ENOENT\",\"path\":\"D:\\\\CODING\\\\nest\\\\app\\\\mtmxconverter\\\\src\\\\api\\\\mtfiles\\\\k.txt\"}","private":true}
{"level":"error","message":"Tue Aug 30 2022 01:55:33 GMT+0530 (India Standard Time)-{}","private":true}
{"level":"error","message":"Tue Aug 30 2022 01:57:38 GMT+0530 (India Standard Time)-{}","private":true}
{"level":"error","message":"Tue Aug 30 2022 01:58:50 GMT+0530 (India Standard Time)-{\"errno\":-4058,\"syscall\":\"open\",\"code\":\"ENOENT\",\"path\":\"D:\\\\CODING\\\\nest\\\\app\\\\mtmxconverter\\\\src\\\\api\\\\mtfiles\\\\k.txt\"}","private":true}
{"level":"error","message":"Tue Aug 30 2022 02:01:11 GMT+0530 (India Standard Time)-{\"errno\":-4058,\"syscall\":\"open\",\"code\":\"ENOENT\",\"path\":\"D:\\\\CODING\\\\nest\\\\app\\\\mtmxconverter\\\\src\\\\api\\\\mtfiles\\\\k.txt\"}","private":true}
{"level":"error","message":"Tue Aug 30 2022 02:01:50 GMT+0530 (India Standard Time)-{\"errno\":-4058,\"syscall\":\"open\",\"code\":\"ENOENT\",\"path\":\"D:\\\\CODING\\\\nest\\\\app\\\\mtmxconverter\\\\src\\\\api\\\\mtfiles\\\\k.txt\"}","private":true}
{"level":"error","message":"Tue Aug 30 2022 02:02:21 GMT+0530 (India Standard Time)-{\"errno\":-4058,\"syscall\":\"open\",\"code\":\"ENOENT\",\"path\":\"D:\\\\CODING\\\\nest\\\\app\\\\mtmxconverter\\\\src\\\\api\\\\mtfiles\\\\k.txt\"}","private":true}
{"level":"error","message":"Tue Aug 30 2022 02:02:48 GMT+0530 (India Standard Time)-{\"errno\":-4058,\"syscall\":\"open\",\"code\":\"ENOENT\",\"path\":\"D:\\\\CODING\\\\nest\\\\app\\\\mtmxconverter\\\\src\\\\api\\\\mtfiles\\\\k.txt\"}","private":true}
{"level":"error","message":"Tue Aug 30 2022 02:05:05 GMT+0530 (India Standard Time)-{\"errno\":-4058,\"syscall\":\"open\",\"code\":\"ENOENT\",\"path\":\"D:\\\\CODING\\\\nest\\\\app\\\\mtmxconverter\\\\src\\\\api\\\\mtfiles\\\\k.txt\"}","private":true}
{"level":"error","message":"Tue Aug 30 2022 02:05:42 GMT+0530 (India Standard Time)-{\"errno\":-4058,\"syscall\":\"open\",\"code\":\"ENOENT\",\"path\":\"D:\\\\CODING\\\\nest\\\\app\\\\mtmxconverter\\\\src\\\\api\\\\mtfiles\\\\k.txt\"}","private":true}
{"level":"error","message":"Tue Aug 30 2022 02:07:53 GMT+0530 (India Standard Time)-{\"errno\":-4058,\"syscall\":\"open\",\"code\":\"ENOENT\",\"path\":\"D:\\\\CODING\\\\nest\\\\app\\\\mtmxconverter\\\\src\\\\api\\\\api\\\\middlewares\\\\mtfiles\\\\k.txt\"}","private":true}
{"level":"error","message":"Tue Aug 30 2022 02:08:18 GMT+0530 (India Standard Time)-{}","private":true}
{"level":"error","message":"Tue Aug 30 2022 02:08:41 GMT+0530 (India Standard Time)-{}","private":true}
{"level":"error","message":"Tue Aug 30 2022 02:45:47 GMT+0530 (India Standard Time)-{}","private":true}
{"level":"error","message":"Tue Aug 30 2022 02:48:13 GMT+0530 (India Standard Time)-{}","private":true}
